2025-02-16 09:56:15.800 [main] INFO  org.edusync.tutor.TutorApplication - Starting TutorApplication using Java 17.0.13 with PID 6876 (C:\Users\user\EduSync\build\classes\java\main started by user in C:\Users\user\EduSync)
2025-02-16 09:56:15.806 [main] INFO  org.edusync.tutor.TutorApplication - No active profile set, falling back to 1 default profile: "default"
2025-02-16 09:56:16.814 [main] INFO  o.s.d.r.c.RepositoryConfigurationDelegate - Bootstrapping Spring Data JPA repositories in DEFAULT mode.
2025-02-16 09:56:16.863 [main] INFO  o.s.d.r.c.RepositoryConfigurationDelegate - Finished Spring Data repository scanning in 41 ms. Found 5 JPA repository interfaces.
2025-02-16 09:56:17.804 [main] INFO  o.s.b.w.e.tomcat.TomcatWebServer - Tomcat initialized with port 8082 (http)
2025-02-16 09:56:17.824 [main] INFO  o.a.coyote.http11.Http11NioProtocol - Initializing ProtocolHandler ["http-nio-8082"]
2025-02-16 09:56:17.827 [main] INFO  o.a.catalina.core.StandardService - Starting service [Tomcat]
2025-02-16 09:56:17.828 [main] INFO  o.a.catalina.core.StandardEngine - Starting Servlet engine: [Apache Tomcat/10.1.34]
2025-02-16 09:56:17.912 [main] INFO  o.a.c.c.C.[Tomcat].[localhost].[/] - Initializing Spring embedded WebApplicationContext
2025-02-16 09:56:17.912 [main] INFO  o.s.b.w.s.c.ServletWebServerApplicationContext - Root WebApplicationContext: initialization completed in 2023 ms
2025-02-16 09:56:18.088 [main] INFO  o.h.jpa.internal.util.LogHelper - HHH000204: Processing PersistenceUnitInfo [name: default]
2025-02-16 09:56:18.159 [main] INFO  org.hibernate.Version - HHH000412: Hibernate ORM core version 6.6.4.Final
2025-02-16 09:56:18.194 [main] INFO  o.h.c.i.RegionFactoryInitiator - HHH000026: Second-level cache disabled
2025-02-16 09:56:18.534 [main] INFO  o.s.o.j.p.SpringPersistenceUnitInfo - No LoadTimeWeaver setup: ignoring JPA class transformer
2025-02-16 09:56:18.566 [main] INFO  com.zaxxer.hikari.HikariDataSource - HikariPool-1 - Starting...
2025-02-16 09:56:18.780 [main] INFO  com.zaxxer.hikari.pool.HikariPool - HikariPool-1 - Added connection org.postgresql.jdbc.PgConnection@6b64bf61
2025-02-16 09:56:18.781 [main] INFO  com.zaxxer.hikari.HikariDataSource - HikariPool-1 - Start completed.
2025-02-16 09:56:18.842 [main] WARN  org.hibernate.orm.deprecation - HHH90000025: PostgreSQLDialect does not need to be specified explicitly using 'hibernate.dialect' (remove the property setting and it will be selected by default)
2025-02-16 09:56:18.873 [main] INFO  o.hibernate.orm.connections.pooling - HHH10001005: Database info:
	Database JDBC URL [Connecting through datasource 'HikariDataSource (HikariPool-1)']
	Database driver: undefined/unknown
	Database version: 17.2
	Autocommit mode: undefined/unknown
	Isolation level: undefined/unknown
	Minimum pool size: undefined/unknown
	Maximum pool size: undefined/unknown
2025-02-16 09:56:20.085 [main] INFO  o.h.e.t.j.p.i.JtaPlatformInitiator - HHH000489: No JTA platform available (set 'hibernate.transaction.jta.platform' to enable JTA platform integration)
2025-02-16 09:56:20.307 [main] INFO  o.s.o.j.LocalContainerEntityManagerFactoryBean - Initialized JPA EntityManagerFactory for persistence unit 'default'
2025-02-16 09:56:20.740 [main] INFO  o.s.s.c.a.a.c.InitializeUserDetailsBeanManagerConfigurer$InitializeUserDetailsManagerConfigurer - Global AuthenticationManager configured with UserDetailsService bean with name customUserDetailsService
2025-02-16 09:56:21.446 [main] INFO  o.s.v.b.OptionalValidatorFactoryBean - Failed to set up a Bean Validation provider: jakarta.validation.NoProviderFoundException: Unable to create a Configuration, because no Jakarta Bean Validation provider could be found. Add a provider like Hibernate Validator (RI) to your classpath.
2025-02-16 09:56:21.677 [main] INFO  o.s.b.a.h.H2ConsoleAutoConfiguration - H2 console available at '/h2-console'. Database available at 'jdbc:postgresql://localhost:5432/EduSyncDB'
2025-02-16 09:56:21.763 [main] INFO  o.a.coyote.http11.Http11NioProtocol - Starting ProtocolHandler ["http-nio-8082"]
2025-02-16 09:56:21.796 [main] INFO  o.s.b.w.e.tomcat.TomcatWebServer - Tomcat started on port 8082 (http) with context path '/'
2025-02-16 09:56:21.810 [main] INFO  org.edusync.tutor.TutorApplication - Started TutorApplication in 6.797 seconds (process running for 7.599)
2025-02-16 09:56:50.819 [http-nio-8082-exec-1] INFO  o.a.c.c.C.[Tomcat].[localhost].[/] - Initializing Spring DispatcherServlet 'dispatcherServlet'
2025-02-16 09:56:50.819 [http-nio-8082-exec-1] INFO  o.s.web.servlet.DispatcherServlet - Initializing Servlet 'dispatcherServlet'
2025-02-16 09:56:50.822 [http-nio-8082-exec-1] INFO  o.s.web.servlet.DispatcherServlet - Completed initialization in 2 ms
2025-02-16 09:56:50.855 [http-nio-8082-exec-1] INFO  o.e.t.s.JwtAuthenticationFilter - [doFilterInternal] token 값 추출 완료. token : null
2025-02-16 09:56:50.855 [http-nio-8082-exec-1] INFO  o.e.t.s.JwtAuthenticationFilter - [doFilterInternal] token 값 유효성 체크 시작
2025-02-16 09:56:50.934 [http-nio-8082-exec-2] INFO  o.e.t.s.JwtAuthenticationFilter - [doFilterInternal] token 값 추출 완료. token : null
2025-02-16 09:56:50.934 [http-nio-8082-exec-2] INFO  o.e.t.s.JwtAuthenticationFilter - [doFilterInternal] token 값 유효성 체크 시작
2025-02-16 09:56:50.946 [http-nio-8082-exec-2] INFO  o.e.t.s.JwtAuthenticationFilter - [doFilterInternal] token 값 추출 완료. token : null
2025-02-16 09:56:50.946 [http-nio-8082-exec-2] INFO  o.e.t.s.JwtAuthenticationFilter - [doFilterInternal] token 값 유효성 체크 시작
2025-02-16 09:56:50.949 [http-nio-8082-exec-4] INFO  o.e.t.s.JwtAuthenticationFilter - [doFilterInternal] token 값 추출 완료. token : null
2025-02-16 09:56:50.949 [http-nio-8082-exec-6] INFO  o.e.t.s.JwtAuthenticationFilter - [doFilterInternal] token 값 추출 완료. token : null
2025-02-16 09:56:50.950 [http-nio-8082-exec-4] INFO  o.e.t.s.JwtAuthenticationFilter - [doFilterInternal] token 값 유효성 체크 시작
2025-02-16 09:56:50.950 [http-nio-8082-exec-5] INFO  o.e.t.s.JwtAuthenticationFilter - [doFilterInternal] token 값 추출 완료. token : null
2025-02-16 09:56:50.950 [http-nio-8082-exec-6] INFO  o.e.t.s.JwtAuthenticationFilter - [doFilterInternal] token 값 유효성 체크 시작
2025-02-16 09:56:50.950 [http-nio-8082-exec-5] INFO  o.e.t.s.JwtAuthenticationFilter - [doFilterInternal] token 값 유효성 체크 시작
2025-02-16 09:56:51.149 [http-nio-8082-exec-7] INFO  o.e.t.s.JwtAuthenticationFilter - [doFilterInternal] token 값 추출 완료. token : null
2025-02-16 09:56:51.150 [http-nio-8082-exec-7] INFO  o.e.t.s.JwtAuthenticationFilter - [doFilterInternal] token 값 유효성 체크 시작
2025-02-16 09:56:51.217 [http-nio-8082-exec-8] INFO  o.e.t.s.JwtAuthenticationFilter - [doFilterInternal] token 값 추출 완료. token : null
2025-02-16 09:56:51.217 [http-nio-8082-exec-8] INFO  o.e.t.s.JwtAuthenticationFilter - [doFilterInternal] token 값 유효성 체크 시작
2025-02-16 09:56:51.705 [http-nio-8082-exec-8] INFO  o.s.api.AbstractOpenApiResource - Init duration for springdoc-openapi is: 470 ms
2025-02-16 10:21:10.966 [SpringApplicationShutdownHook] INFO  o.s.b.w.e.tomcat.GracefulShutdown - Commencing graceful shutdown. Waiting for active requests to complete
2025-02-16 10:21:11.239 [tomcat-shutdown] INFO  o.s.b.w.e.tomcat.GracefulShutdown - Graceful shutdown complete
2025-02-16 10:21:11.325 [SpringApplicationShutdownHook] INFO  o.s.o.j.LocalContainerEntityManagerFactoryBean - Closing JPA EntityManagerFactory for persistence unit 'default'
2025-02-16 10:21:11.468 [SpringApplicationShutdownHook] INFO  com.zaxxer.hikari.HikariDataSource - HikariPool-1 - Shutdown initiated...
2025-02-16 10:21:11.514 [SpringApplicationShutdownHook] INFO  com.zaxxer.hikari.HikariDataSource - HikariPool-1 - Shutdown completed.
2025-02-16 10:21:23.596 [main] INFO  org.edusync.tutor.TutorApplication - Starting TutorApplication using Java 17.0.13 with PID 21400 (C:\Users\user\EduSync\build\classes\java\main started by user in C:\Users\user\EduSync)
2025-02-16 10:21:23.607 [main] INFO  org.edusync.tutor.TutorApplication - No active profile set, falling back to 1 default profile: "default"
2025-02-16 10:21:25.244 [main] INFO  o.s.d.r.c.RepositoryConfigurationDelegate - Bootstrapping Spring Data JPA repositories in DEFAULT mode.
2025-02-16 10:21:25.312 [main] INFO  o.s.d.r.c.RepositoryConfigurationDelegate - Finished Spring Data repository scanning in 57 ms. Found 6 JPA repository interfaces.
2025-02-16 10:21:26.220 [main] INFO  o.s.b.w.e.tomcat.TomcatWebServer - Tomcat initialized with port 8082 (http)
2025-02-16 10:21:26.232 [main] INFO  o.a.coyote.http11.Http11NioProtocol - Initializing ProtocolHandler ["http-nio-8082"]
2025-02-16 10:21:26.234 [main] INFO  o.a.catalina.core.StandardService - Starting service [Tomcat]
2025-02-16 10:21:26.234 [main] INFO  o.a.catalina.core.StandardEngine - Starting Servlet engine: [Apache Tomcat/10.1.34]
2025-02-16 10:21:26.312 [main] INFO  o.a.c.c.C.[Tomcat].[localhost].[/] - Initializing Spring embedded WebApplicationContext
2025-02-16 10:21:26.313 [main] INFO  o.s.b.w.s.c.ServletWebServerApplicationContext - Root WebApplicationContext: initialization completed in 2383 ms
2025-02-16 10:21:26.488 [main] INFO  o.h.jpa.internal.util.LogHelper - HHH000204: Processing PersistenceUnitInfo [name: default]
2025-02-16 10:21:26.558 [main] INFO  org.hibernate.Version - HHH000412: Hibernate ORM core version 6.6.4.Final
2025-02-16 10:21:26.612 [main] INFO  o.h.c.i.RegionFactoryInitiator - HHH000026: Second-level cache disabled
2025-02-16 10:21:27.023 [main] INFO  o.s.o.j.p.SpringPersistenceUnitInfo - No LoadTimeWeaver setup: ignoring JPA class transformer
2025-02-16 10:21:27.059 [main] INFO  com.zaxxer.hikari.HikariDataSource - HikariPool-1 - Starting...
2025-02-16 10:21:27.314 [main] INFO  com.zaxxer.hikari.pool.HikariPool - HikariPool-1 - Added connection org.postgresql.jdbc.PgConnection@67e4928c
2025-02-16 10:21:27.315 [main] INFO  com.zaxxer.hikari.HikariDataSource - HikariPool-1 - Start completed.
2025-02-16 10:21:27.366 [main] WARN  org.hibernate.orm.deprecation - HHH90000025: PostgreSQLDialect does not need to be specified explicitly using 'hibernate.dialect' (remove the property setting and it will be selected by default)
2025-02-16 10:21:27.381 [main] INFO  o.hibernate.orm.connections.pooling - HHH10001005: Database info:
	Database JDBC URL [Connecting through datasource 'HikariDataSource (HikariPool-1)']
	Database driver: undefined/unknown
	Database version: 17.2
	Autocommit mode: undefined/unknown
	Isolation level: undefined/unknown
	Minimum pool size: undefined/unknown
	Maximum pool size: undefined/unknown
2025-02-16 10:21:28.416 [main] INFO  o.h.e.t.j.p.i.JtaPlatformInitiator - HHH000489: No JTA platform available (set 'hibernate.transaction.jta.platform' to enable JTA platform integration)
2025-02-16 10:21:28.493 [main] DEBUG org.hibernate.SQL - 
    create table public.verification_token (
        id bigint generated by default as identity,
        email varchar(255),
        expiry_time timestamp(6),
        verification_code varchar(255),
        primary key (id)
    )
2025-02-16 10:21:28.616 [main] INFO  o.s.o.j.LocalContainerEntityManagerFactoryBean - Initialized JPA EntityManagerFactory for persistence unit 'default'
2025-02-16 10:21:28.972 [main] INFO  o.s.s.c.a.a.c.InitializeUserDetailsBeanManagerConfigurer$InitializeUserDetailsManagerConfigurer - Global AuthenticationManager configured with UserDetailsService bean with name customUserDetailsService
2025-02-16 10:21:29.509 [main] INFO  o.s.v.b.OptionalValidatorFactoryBean - Failed to set up a Bean Validation provider: jakarta.validation.NoProviderFoundException: Unable to create a Configuration, because no Jakarta Bean Validation provider could be found. Add a provider like Hibernate Validator (RI) to your classpath.
2025-02-16 10:21:29.769 [main] INFO  o.s.b.a.h.H2ConsoleAutoConfiguration - H2 console available at '/h2-console'. Database available at 'jdbc:postgresql://localhost:5432/EduSyncDB'
2025-02-16 10:21:29.870 [main] INFO  o.a.coyote.http11.Http11NioProtocol - Starting ProtocolHandler ["http-nio-8082"]
2025-02-16 10:21:29.935 [main] INFO  o.s.b.w.e.tomcat.TomcatWebServer - Tomcat started on port 8082 (http) with context path '/'
2025-02-16 10:21:29.945 [main] INFO  org.edusync.tutor.TutorApplication - Started TutorApplication in 7.967 seconds (process running for 8.959)
2025-02-16 10:21:36.032 [http-nio-8082-exec-1] INFO  o.a.c.c.C.[Tomcat].[localhost].[/] - Initializing Spring DispatcherServlet 'dispatcherServlet'
2025-02-16 10:21:36.032 [http-nio-8082-exec-1] INFO  o.s.web.servlet.DispatcherServlet - Initializing Servlet 'dispatcherServlet'
2025-02-16 10:21:36.034 [http-nio-8082-exec-1] INFO  o.s.web.servlet.DispatcherServlet - Completed initialization in 2 ms
2025-02-16 10:21:36.055 [http-nio-8082-exec-1] INFO  o.e.t.s.JwtAuthenticationFilter - [doFilterInternal] token 값 추출 완료. token : null
2025-02-16 10:21:36.055 [http-nio-8082-exec-1] INFO  o.e.t.s.JwtAuthenticationFilter - [doFilterInternal] token 값 유효성 체크 시작
2025-02-16 10:21:36.269 [http-nio-8082-exec-2] INFO  o.e.t.s.JwtAuthenticationFilter - [doFilterInternal] token 값 추출 완료. token : null
2025-02-16 10:21:36.269 [http-nio-8082-exec-2] INFO  o.e.t.s.JwtAuthenticationFilter - [doFilterInternal] token 값 유효성 체크 시작
2025-02-16 10:21:36.280 [http-nio-8082-exec-3] INFO  o.e.t.s.JwtAuthenticationFilter - [doFilterInternal] token 값 추출 완료. token : null
2025-02-16 10:21:36.281 [http-nio-8082-exec-3] INFO  o.e.t.s.JwtAuthenticationFilter - [doFilterInternal] token 값 유효성 체크 시작
2025-02-16 10:21:36.281 [http-nio-8082-exec-4] INFO  o.e.t.s.JwtAuthenticationFilter - [doFilterInternal] token 값 추출 완료. token : null
2025-02-16 10:21:36.282 [http-nio-8082-exec-4] INFO  o.e.t.s.JwtAuthenticationFilter - [doFilterInternal] token 값 유효성 체크 시작
2025-02-16 10:21:36.287 [http-nio-8082-exec-6] INFO  o.e.t.s.JwtAuthenticationFilter - [doFilterInternal] token 값 추출 완료. token : null
2025-02-16 10:21:36.287 [http-nio-8082-exec-5] INFO  o.e.t.s.JwtAuthenticationFilter - [doFilterInternal] token 값 추출 완료. token : null
2025-02-16 10:21:36.288 [http-nio-8082-exec-6] INFO  o.e.t.s.JwtAuthenticationFilter - [doFilterInternal] token 값 유효성 체크 시작
2025-02-16 10:21:36.288 [http-nio-8082-exec-5] INFO  o.e.t.s.JwtAuthenticationFilter - [doFilterInternal] token 값 유효성 체크 시작
2025-02-16 10:21:36.772 [http-nio-8082-exec-7] INFO  o.e.t.s.JwtAuthenticationFilter - [doFilterInternal] token 값 추출 완료. token : null
2025-02-16 10:21:36.772 [http-nio-8082-exec-7] INFO  o.e.t.s.JwtAuthenticationFilter - [doFilterInternal] token 값 유효성 체크 시작
2025-02-16 10:21:36.772 [http-nio-8082-exec-8] INFO  o.e.t.s.JwtAuthenticationFilter - [doFilterInternal] token 값 추출 완료. token : null
2025-02-16 10:21:36.773 [http-nio-8082-exec-8] INFO  o.e.t.s.JwtAuthenticationFilter - [doFilterInternal] token 값 유효성 체크 시작
2025-02-16 10:21:36.825 [http-nio-8082-exec-9] INFO  o.e.t.s.JwtAuthenticationFilter - [doFilterInternal] token 값 추출 완료. token : null
2025-02-16 10:21:36.825 [http-nio-8082-exec-9] INFO  o.e.t.s.JwtAuthenticationFilter - [doFilterInternal] token 값 유효성 체크 시작
2025-02-16 10:21:37.172 [http-nio-8082-exec-9] INFO  o.s.api.AbstractOpenApiResource - Init duration for springdoc-openapi is: 336 ms
2025-02-16 10:23:23.791 [SpringApplicationShutdownHook] INFO  o.s.b.w.e.tomcat.GracefulShutdown - Commencing graceful shutdown. Waiting for active requests to complete
2025-02-16 10:23:23.989 [tomcat-shutdown] INFO  o.s.b.w.e.tomcat.GracefulShutdown - Graceful shutdown complete
2025-02-16 10:23:24.005 [SpringApplicationShutdownHook] INFO  o.s.o.j.LocalContainerEntityManagerFactoryBean - Closing JPA EntityManagerFactory for persistence unit 'default'
2025-02-16 10:23:24.021 [SpringApplicationShutdownHook] INFO  com.zaxxer.hikari.HikariDataSource - HikariPool-1 - Shutdown initiated...
2025-02-16 10:23:24.029 [SpringApplicationShutdownHook] INFO  com.zaxxer.hikari.HikariDataSource - HikariPool-1 - Shutdown completed.
2025-02-16 10:23:32.326 [main] INFO  org.edusync.tutor.TutorApplication - Starting TutorApplication using Java 17.0.13 with PID 24964 (C:\Users\user\EduSync\build\classes\java\main started by user in C:\Users\user\EduSync)
2025-02-16 10:23:32.328 [main] INFO  org.edusync.tutor.TutorApplication - No active profile set, falling back to 1 default profile: "default"
2025-02-16 10:23:32.962 [main] INFO  o.s.d.r.c.RepositoryConfigurationDelegate - Bootstrapping Spring Data JPA repositories in DEFAULT mode.
2025-02-16 10:23:33.023 [main] INFO  o.s.d.r.c.RepositoryConfigurationDelegate - Finished Spring Data repository scanning in 51 ms. Found 6 JPA repository interfaces.
2025-02-16 10:23:33.883 [main] INFO  o.s.b.w.e.tomcat.TomcatWebServer - Tomcat initialized with port 8082 (http)
2025-02-16 10:23:33.897 [main] INFO  o.a.coyote.http11.Http11NioProtocol - Initializing ProtocolHandler ["http-nio-8082"]
2025-02-16 10:23:33.899 [main] INFO  o.a.catalina.core.StandardService - Starting service [Tomcat]
2025-02-16 10:23:33.899 [main] INFO  o.a.catalina.core.StandardEngine - Starting Servlet engine: [Apache Tomcat/10.1.34]
2025-02-16 10:23:33.978 [main] INFO  o.a.c.c.C.[Tomcat].[localhost].[/] - Initializing Spring embedded WebApplicationContext
2025-02-16 10:23:33.979 [main] INFO  o.s.b.w.s.c.ServletWebServerApplicationContext - Root WebApplicationContext: initialization completed in 1598 ms
2025-02-16 10:23:34.142 [main] INFO  o.h.jpa.internal.util.LogHelper - HHH000204: Processing PersistenceUnitInfo [name: default]
2025-02-16 10:23:34.219 [main] INFO  org.hibernate.Version - HHH000412: Hibernate ORM core version 6.6.4.Final
2025-02-16 10:23:34.261 [main] INFO  o.h.c.i.RegionFactoryInitiator - HHH000026: Second-level cache disabled
2025-02-16 10:23:34.574 [main] INFO  o.s.o.j.p.SpringPersistenceUnitInfo - No LoadTimeWeaver setup: ignoring JPA class transformer
2025-02-16 10:23:34.604 [main] INFO  com.zaxxer.hikari.HikariDataSource - HikariPool-1 - Starting...
2025-02-16 10:23:34.785 [main] INFO  com.zaxxer.hikari.pool.HikariPool - HikariPool-1 - Added connection org.postgresql.jdbc.PgConnection@2cc61b3b
2025-02-16 10:23:34.788 [main] INFO  com.zaxxer.hikari.HikariDataSource - HikariPool-1 - Start completed.
2025-02-16 10:23:34.833 [main] WARN  org.hibernate.orm.deprecation - HHH90000025: PostgreSQLDialect does not need to be specified explicitly using 'hibernate.dialect' (remove the property setting and it will be selected by default)
2025-02-16 10:23:34.848 [main] INFO  o.hibernate.orm.connections.pooling - HHH10001005: Database info:
	Database JDBC URL [Connecting through datasource 'HikariDataSource (HikariPool-1)']
	Database driver: undefined/unknown
	Database version: 17.2
	Autocommit mode: undefined/unknown
	Isolation level: undefined/unknown
	Minimum pool size: undefined/unknown
	Maximum pool size: undefined/unknown
2025-02-16 10:23:35.828 [main] INFO  o.h.e.t.j.p.i.JtaPlatformInitiator - HHH000489: No JTA platform available (set 'hibernate.transaction.jta.platform' to enable JTA platform integration)
2025-02-16 10:23:35.966 [main] INFO  o.s.o.j.LocalContainerEntityManagerFactoryBean - Initialized JPA EntityManagerFactory for persistence unit 'default'
2025-02-16 10:23:36.304 [main] INFO  o.s.s.c.a.a.c.InitializeUserDetailsBeanManagerConfigurer$InitializeUserDetailsManagerConfigurer - Global AuthenticationManager configured with UserDetailsService bean with name customUserDetailsService
2025-02-16 10:23:36.837 [main] INFO  o.s.v.b.OptionalValidatorFactoryBean - Failed to set up a Bean Validation provider: jakarta.validation.NoProviderFoundException: Unable to create a Configuration, because no Jakarta Bean Validation provider could be found. Add a provider like Hibernate Validator (RI) to your classpath.
2025-02-16 10:23:37.041 [main] INFO  o.s.b.a.h.H2ConsoleAutoConfiguration - H2 console available at '/h2-console'. Database available at 'jdbc:postgresql://localhost:5432/EduSyncDB'
2025-02-16 10:23:37.100 [main] INFO  o.a.coyote.http11.Http11NioProtocol - Starting ProtocolHandler ["http-nio-8082"]
2025-02-16 10:23:37.117 [main] INFO  o.s.b.w.e.tomcat.TomcatWebServer - Tomcat started on port 8082 (http) with context path '/'
2025-02-16 10:23:37.125 [main] INFO  org.edusync.tutor.TutorApplication - Started TutorApplication in 5.501 seconds (process running for 6.136)
2025-02-16 10:23:57.427 [http-nio-8082-exec-1] INFO  o.a.c.c.C.[Tomcat].[localhost].[/] - Initializing Spring DispatcherServlet 'dispatcherServlet'
2025-02-16 10:23:57.428 [http-nio-8082-exec-1] INFO  o.s.web.servlet.DispatcherServlet - Initializing Servlet 'dispatcherServlet'
2025-02-16 10:23:57.431 [http-nio-8082-exec-1] INFO  o.s.web.servlet.DispatcherServlet - Completed initialization in 3 ms
2025-02-16 10:23:57.497 [http-nio-8082-exec-1] INFO  o.e.t.s.JwtAuthenticationFilter - [doFilterInternal] token 값 추출 완료. token : null
2025-02-16 10:23:57.497 [http-nio-8082-exec-1] INFO  o.e.t.s.JwtAuthenticationFilter - [doFilterInternal] token 값 유효성 체크 시작
2025-02-16 10:23:57.675 [http-nio-8082-exec-2] INFO  o.e.t.s.JwtAuthenticationFilter - [doFilterInternal] token 값 추출 완료. token : null
2025-02-16 10:23:57.677 [http-nio-8082-exec-2] INFO  o.e.t.s.JwtAuthenticationFilter - [doFilterInternal] token 값 유효성 체크 시작
2025-02-16 10:23:57.678 [http-nio-8082-exec-6] INFO  o.e.t.s.JwtAuthenticationFilter - [doFilterInternal] token 값 추출 완료. token : null
2025-02-16 10:23:57.678 [http-nio-8082-exec-6] INFO  o.e.t.s.JwtAuthenticationFilter - [doFilterInternal] token 값 유효성 체크 시작
2025-02-16 10:23:57.678 [http-nio-8082-exec-4] INFO  o.e.t.s.JwtAuthenticationFilter - [doFilterInternal] token 값 추출 완료. token : null
2025-02-16 10:23:57.679 [http-nio-8082-exec-4] INFO  o.e.t.s.JwtAuthenticationFilter - [doFilterInternal] token 값 유효성 체크 시작
2025-02-16 10:23:57.684 [http-nio-8082-exec-5] INFO  o.e.t.s.JwtAuthenticationFilter - [doFilterInternal] token 값 추출 완료. token : null
2025-02-16 10:23:57.685 [http-nio-8082-exec-5] INFO  o.e.t.s.JwtAuthenticationFilter - [doFilterInternal] token 값 유효성 체크 시작
2025-02-16 10:23:57.686 [http-nio-8082-exec-10] INFO  o.e.t.s.JwtAuthenticationFilter - [doFilterInternal] token 값 추출 완료. token : null
2025-02-16 10:23:57.689 [http-nio-8082-exec-10] INFO  o.e.t.s.JwtAuthenticationFilter - [doFilterInternal] token 값 유효성 체크 시작
2025-02-16 10:23:57.859 [http-nio-8082-exec-7] INFO  o.e.t.s.JwtAuthenticationFilter - [doFilterInternal] token 값 추출 완료. token : null
2025-02-16 10:23:57.859 [http-nio-8082-exec-7] INFO  o.e.t.s.JwtAuthenticationFilter - [doFilterInternal] token 값 유효성 체크 시작
2025-02-16 10:23:57.862 [http-nio-8082-exec-8] INFO  o.e.t.s.JwtAuthenticationFilter - [doFilterInternal] token 값 추출 완료. token : null
2025-02-16 10:23:57.863 [http-nio-8082-exec-8] INFO  o.e.t.s.JwtAuthenticationFilter - [doFilterInternal] token 값 유효성 체크 시작
2025-02-16 10:23:57.955 [http-nio-8082-exec-9] INFO  o.e.t.s.JwtAuthenticationFilter - [doFilterInternal] token 값 추출 완료. token : null
2025-02-16 10:23:57.955 [http-nio-8082-exec-9] INFO  o.e.t.s.JwtAuthenticationFilter - [doFilterInternal] token 값 유효성 체크 시작
2025-02-16 10:23:58.620 [http-nio-8082-exec-9] INFO  o.s.api.AbstractOpenApiResource - Init duration for springdoc-openapi is: 640 ms
2025-02-16 10:24:41.914 [http-nio-8082-exec-4] INFO  o.e.t.s.JwtAuthenticationFilter - [doFilterInternal] token 값 추출 완료. token : null
2025-02-16 10:24:41.915 [http-nio-8082-exec-4] INFO  o.e.t.s.JwtAuthenticationFilter - [doFilterInternal] token 값 유효성 체크 시작
2025-02-16 10:24:41.919 [http-nio-8082-exec-4] INFO  o.e.tutor.controller.AuthController - [registerUser] Performing user registration. email : julie08051@naver.com, password : ****, phoneNumber : 01011112222, schoolName : hongik, userType : STUDENT
2025-02-16 10:24:41.919 [http-nio-8082-exec-4] INFO  o.e.tutor.service.SignServiceImpl - [getSignUpResult] 회원 가입 정보 전달
2025-02-16 10:24:42.171 [http-nio-8082-exec-4] DEBUG org.hibernate.SQL - 
    /* <criteria> */ select
        u1_0.id,
        u1_0.birth_date,
        u1_0.class_name,
        u1_0.created_at,
        u1_0.email,
        u1_0.grade,
        u1_0.last_login_at,
        u1_0.nickname,
        u1_0.password,
        u1_0.phone_number,
        u1_0.profile_image_url,
        u1_0.school_name,
        u1_0.social_id,
        u1_0.social_provider,
        u1_0.updated_at,
        u1_0.user_type 
    from
        public.users u1_0 
    where
        u1_0.email=?
2025-02-16 10:24:42.273 [http-nio-8082-exec-4] DEBUG org.hibernate.SQL - 
    select
        r1_0.user_id,
        r1_0.roles 
    from
        public.user_roles r1_0 
    where
        r1_0.user_id=?
2025-02-16 10:24:42.294 [http-nio-8082-exec-4] INFO  o.e.tutor.controller.AuthController - [registerUser] User registration completed. email : julie08051@naver.com
2025-02-16 10:25:13.452 [http-nio-8082-exec-8] INFO  o.e.t.s.JwtAuthenticationFilter - [doFilterInternal] token 값 추출 완료. token : null
2025-02-16 10:25:13.452 [http-nio-8082-exec-8] INFO  o.e.t.s.JwtAuthenticationFilter - [doFilterInternal] token 값 유효성 체크 시작
2025-02-16 10:25:13.608 [http-nio-8082-exec-8] DEBUG org.hibernate.SQL - 
    /* <criteria> */ select
        u1_0.id,
        u1_0.birth_date,
        u1_0.class_name,
        u1_0.created_at,
        u1_0.email,
        u1_0.grade,
        u1_0.last_login_at,
        u1_0.nickname,
        u1_0.password,
        u1_0.phone_number,
        u1_0.profile_image_url,
        u1_0.school_name,
        u1_0.social_id,
        u1_0.social_provider,
        u1_0.updated_at,
        u1_0.user_type 
    from
        public.users u1_0 
    where
        u1_0.email=?
2025-02-16 10:25:13.612 [http-nio-8082-exec-8] DEBUG org.hibernate.SQL - 
    select
        r1_0.user_id,
        r1_0.roles 
    from
        public.user_roles r1_0 
    where
        r1_0.user_id=?
2025-02-16 10:25:13.718 [http-nio-8082-exec-8] DEBUG org.hibernate.SQL - 
    /* <criteria> */ select
        u1_0.id,
        u1_0.birth_date,
        u1_0.class_name,
        u1_0.created_at,
        u1_0.email,
        u1_0.grade,
        u1_0.last_login_at,
        u1_0.nickname,
        u1_0.password,
        u1_0.phone_number,
        u1_0.profile_image_url,
        u1_0.school_name,
        u1_0.social_id,
        u1_0.social_provider,
        u1_0.updated_at,
        u1_0.user_type 
    from
        public.users u1_0 
    where
        u1_0.email=?
2025-02-16 10:25:13.720 [http-nio-8082-exec-8] DEBUG org.hibernate.SQL - 
    select
        r1_0.user_id,
        r1_0.roles 
    from
        public.user_roles r1_0 
    where
        r1_0.user_id=?
2025-02-16 10:25:23.844 [http-nio-8082-exec-7] INFO  o.e.t.s.JwtAuthenticationFilter - [doFilterInternal] token 값 추출 완료. token : null
2025-02-16 10:25:23.844 [http-nio-8082-exec-7] INFO  o.e.t.s.JwtAuthenticationFilter - [doFilterInternal] token 값 유효성 체크 시작
2025-02-16 10:25:23.847 [http-nio-8082-exec-7] DEBUG org.hibernate.SQL - 
    /* <criteria> */ select
        u1_0.id,
        u1_0.birth_date,
        u1_0.class_name,
        u1_0.created_at,
        u1_0.email,
        u1_0.grade,
        u1_0.last_login_at,
        u1_0.nickname,
        u1_0.password,
        u1_0.phone_number,
        u1_0.profile_image_url,
        u1_0.school_name,
        u1_0.social_id,
        u1_0.social_provider,
        u1_0.updated_at,
        u1_0.user_type 
    from
        public.users u1_0 
    where
        u1_0.email=?
2025-02-16 10:25:23.849 [http-nio-8082-exec-7] DEBUG org.hibernate.SQL - 
    select
        r1_0.user_id,
        r1_0.roles 
    from
        public.user_roles r1_0 
    where
        r1_0.user_id=?
2025-02-16 10:25:23.968 [http-nio-8082-exec-7] DEBUG org.hibernate.SQL - 
    /* <criteria> */ select
        u1_0.id,
        u1_0.birth_date,
        u1_0.class_name,
        u1_0.created_at,
        u1_0.email,
        u1_0.grade,
        u1_0.last_login_at,
        u1_0.nickname,
        u1_0.password,
        u1_0.phone_number,
        u1_0.profile_image_url,
        u1_0.school_name,
        u1_0.social_id,
        u1_0.social_provider,
        u1_0.updated_at,
        u1_0.user_type 
    from
        public.users u1_0 
    where
        u1_0.email=?
2025-02-16 10:25:23.972 [http-nio-8082-exec-7] DEBUG org.hibernate.SQL - 
    select
        r1_0.user_id,
        r1_0.roles 
    from
        public.user_roles r1_0 
    where
        r1_0.user_id=?
2025-02-16 10:25:49.664 [http-nio-8082-exec-9] INFO  o.e.t.s.JwtAuthenticationFilter - [doFilterInternal] token 값 추출 완료. token : null
2025-02-16 10:25:49.665 [http-nio-8082-exec-9] INFO  o.e.t.s.JwtAuthenticationFilter - [doFilterInternal] token 값 유효성 체크 시작
2025-02-16 10:25:49.670 [http-nio-8082-exec-9] DEBUG org.hibernate.SQL - 
    /* <criteria> */ select
        u1_0.id,
        u1_0.birth_date,
        u1_0.class_name,
        u1_0.created_at,
        u1_0.email,
        u1_0.grade,
        u1_0.last_login_at,
        u1_0.nickname,
        u1_0.password,
        u1_0.phone_number,
        u1_0.profile_image_url,
        u1_0.school_name,
        u1_0.social_id,
        u1_0.social_provider,
        u1_0.updated_at,
        u1_0.user_type 
    from
        public.users u1_0 
    where
        u1_0.email=?
2025-02-16 10:25:49.677 [http-nio-8082-exec-9] DEBUG org.hibernate.SQL - 
    select
        r1_0.user_id,
        r1_0.roles 
    from
        public.user_roles r1_0 
    where
        r1_0.user_id=?
2025-02-16 10:26:39.693 [http-nio-8082-exec-3] INFO  o.e.t.s.JwtAuthenticationFilter - [doFilterInternal] token 값 추출 완료. token : null
2025-02-16 10:26:39.694 [http-nio-8082-exec-3] INFO  o.e.t.s.JwtAuthenticationFilter - [doFilterInternal] token 값 유효성 체크 시작
2025-02-16 10:26:39.700 [http-nio-8082-exec-3] DEBUG org.hibernate.SQL - 
    /* <criteria> */ select
        vt1_0.id,
        vt1_0.email,
        vt1_0.expiry_time,
        vt1_0.verification_code 
    from
        public.verification_token vt1_0 
    where
        vt1_0.email=? 
        and vt1_0.verification_code=?
2025-02-16 10:29:57.970 [SpringApplicationShutdownHook] INFO  o.s.b.w.e.tomcat.GracefulShutdown - Commencing graceful shutdown. Waiting for active requests to complete
2025-02-16 10:29:58.693 [tomcat-shutdown] INFO  o.s.b.w.e.tomcat.GracefulShutdown - Graceful shutdown complete
2025-02-16 10:29:58.765 [SpringApplicationShutdownHook] INFO  o.s.o.j.LocalContainerEntityManagerFactoryBean - Closing JPA EntityManagerFactory for persistence unit 'default'
2025-02-16 10:29:58.839 [SpringApplicationShutdownHook] INFO  com.zaxxer.hikari.HikariDataSource - HikariPool-1 - Shutdown initiated...
2025-02-16 10:29:58.863 [SpringApplicationShutdownHook] INFO  com.zaxxer.hikari.HikariDataSource - HikariPool-1 - Shutdown completed.
2025-02-16 10:30:05.497 [main] INFO  org.edusync.tutor.TutorApplication - Starting TutorApplication using Java 17.0.13 with PID 18436 (C:\Users\user\EduSync\build\classes\java\main started by user in C:\Users\user\EduSync)
2025-02-16 10:30:05.498 [main] INFO  org.edusync.tutor.TutorApplication - No active profile set, falling back to 1 default profile: "default"
2025-02-16 10:30:06.217 [main] INFO  o.s.d.r.c.RepositoryConfigurationDelegate - Bootstrapping Spring Data JPA repositories in DEFAULT mode.
2025-02-16 10:30:06.274 [main] INFO  o.s.d.r.c.RepositoryConfigurationDelegate - Finished Spring Data repository scanning in 48 ms. Found 6 JPA repository interfaces.
2025-02-16 10:30:07.204 [main] INFO  o.s.b.w.e.tomcat.TomcatWebServer - Tomcat initialized with port 8082 (http)
2025-02-16 10:30:07.218 [main] INFO  o.a.coyote.http11.Http11NioProtocol - Initializing ProtocolHandler ["http-nio-8082"]
2025-02-16 10:30:07.219 [main] INFO  o.a.catalina.core.StandardService - Starting service [Tomcat]
2025-02-16 10:30:07.220 [main] INFO  o.a.catalina.core.StandardEngine - Starting Servlet engine: [Apache Tomcat/10.1.34]
2025-02-16 10:30:07.308 [main] INFO  o.a.c.c.C.[Tomcat].[localhost].[/] - Initializing Spring embedded WebApplicationContext
2025-02-16 10:30:07.308 [main] INFO  o.s.b.w.s.c.ServletWebServerApplicationContext - Root WebApplicationContext: initialization completed in 1761 ms
2025-02-16 10:30:07.484 [main] INFO  o.h.jpa.internal.util.LogHelper - HHH000204: Processing PersistenceUnitInfo [name: default]
2025-02-16 10:30:07.572 [main] INFO  org.hibernate.Version - HHH000412: Hibernate ORM core version 6.6.4.Final
2025-02-16 10:30:07.616 [main] INFO  o.h.c.i.RegionFactoryInitiator - HHH000026: Second-level cache disabled
2025-02-16 10:30:07.941 [main] INFO  o.s.o.j.p.SpringPersistenceUnitInfo - No LoadTimeWeaver setup: ignoring JPA class transformer
2025-02-16 10:30:07.973 [main] INFO  com.zaxxer.hikari.HikariDataSource - HikariPool-1 - Starting...
2025-02-16 10:30:08.217 [main] INFO  com.zaxxer.hikari.pool.HikariPool - HikariPool-1 - Added connection org.postgresql.jdbc.PgConnection@cef885d
2025-02-16 10:30:08.220 [main] INFO  com.zaxxer.hikari.HikariDataSource - HikariPool-1 - Start completed.
2025-02-16 10:30:08.290 [main] WARN  org.hibernate.orm.deprecation - HHH90000025: PostgreSQLDialect does not need to be specified explicitly using 'hibernate.dialect' (remove the property setting and it will be selected by default)
2025-02-16 10:30:08.309 [main] INFO  o.hibernate.orm.connections.pooling - HHH10001005: Database info:
	Database JDBC URL [Connecting through datasource 'HikariDataSource (HikariPool-1)']
	Database driver: undefined/unknown
	Database version: 17.2
	Autocommit mode: undefined/unknown
	Isolation level: undefined/unknown
	Minimum pool size: undefined/unknown
	Maximum pool size: undefined/unknown
2025-02-16 10:30:09.372 [main] INFO  o.h.e.t.j.p.i.JtaPlatformInitiator - HHH000489: No JTA platform available (set 'hibernate.transaction.jta.platform' to enable JTA platform integration)
2025-02-16 10:30:09.559 [main] INFO  o.s.o.j.LocalContainerEntityManagerFactoryBean - Initialized JPA EntityManagerFactory for persistence unit 'default'
2025-02-16 10:30:09.908 [main] INFO  o.s.s.c.a.a.c.InitializeUserDetailsBeanManagerConfigurer$InitializeUserDetailsManagerConfigurer - Global AuthenticationManager configured with UserDetailsService bean with name customUserDetailsService
2025-02-16 10:30:10.445 [main] INFO  o.s.v.b.OptionalValidatorFactoryBean - Failed to set up a Bean Validation provider: jakarta.validation.NoProviderFoundException: Unable to create a Configuration, because no Jakarta Bean Validation provider could be found. Add a provider like Hibernate Validator (RI) to your classpath.
2025-02-16 10:30:10.634 [main] INFO  o.s.b.a.h.H2ConsoleAutoConfiguration - H2 console available at '/h2-console'. Database available at 'jdbc:postgresql://localhost:5432/EduSyncDB'
2025-02-16 10:30:10.704 [main] INFO  o.a.coyote.http11.Http11NioProtocol - Starting ProtocolHandler ["http-nio-8082"]
2025-02-16 10:30:10.728 [main] INFO  o.s.b.w.e.tomcat.TomcatWebServer - Tomcat started on port 8082 (http) with context path '/'
2025-02-16 10:30:10.736 [main] INFO  org.edusync.tutor.TutorApplication - Started TutorApplication in 5.995 seconds (process running for 6.823)
2025-02-16 10:30:35.328 [http-nio-8082-exec-2] INFO  o.a.c.c.C.[Tomcat].[localhost].[/] - Initializing Spring DispatcherServlet 'dispatcherServlet'
2025-02-16 10:30:35.329 [http-nio-8082-exec-2] INFO  o.s.web.servlet.DispatcherServlet - Initializing Servlet 'dispatcherServlet'
2025-02-16 10:30:35.332 [http-nio-8082-exec-2] INFO  o.s.web.servlet.DispatcherServlet - Completed initialization in 3 ms
2025-02-16 10:30:35.387 [http-nio-8082-exec-2] INFO  o.e.t.s.JwtAuthenticationFilter - [doFilterInternal] token 값 추출 완료. token : null
2025-02-16 10:30:35.388 [http-nio-8082-exec-2] INFO  o.e.t.s.JwtAuthenticationFilter - [doFilterInternal] token 값 유효성 체크 시작
2025-02-16 10:30:35.986 [http-nio-8082-exec-2] DEBUG org.hibernate.SQL - 
    /* <criteria> */ select
        u1_0.id,
        u1_0.birth_date,
        u1_0.class_name,
        u1_0.created_at,
        u1_0.email,
        u1_0.grade,
        u1_0.last_login_at,
        u1_0.nickname,
        u1_0.password,
        u1_0.phone_number,
        u1_0.profile_image_url,
        u1_0.school_name,
        u1_0.social_id,
        u1_0.social_provider,
        u1_0.updated_at,
        u1_0.user_type 
    from
        public.users u1_0 
    where
        u1_0.email=?
2025-02-16 10:30:36.050 [http-nio-8082-exec-2] DEBUG org.hibernate.SQL - 
    select
        r1_0.user_id,
        r1_0.roles 
    from
        public.user_roles r1_0 
    where
        r1_0.user_id=?
2025-02-16 10:34:30.807 [SpringApplicationShutdownHook] INFO  o.s.b.w.e.tomcat.GracefulShutdown - Commencing graceful shutdown. Waiting for active requests to complete
2025-02-16 10:34:31.068 [tomcat-shutdown] INFO  o.s.b.w.e.tomcat.GracefulShutdown - Graceful shutdown complete
2025-02-16 10:34:31.116 [SpringApplicationShutdownHook] INFO  o.s.o.j.LocalContainerEntityManagerFactoryBean - Closing JPA EntityManagerFactory for persistence unit 'default'
2025-02-16 10:34:31.179 [SpringApplicationShutdownHook] INFO  com.zaxxer.hikari.HikariDataSource - HikariPool-1 - Shutdown initiated...
2025-02-16 10:34:31.207 [SpringApplicationShutdownHook] INFO  com.zaxxer.hikari.HikariDataSource - HikariPool-1 - Shutdown completed.
2025-02-16 10:34:41.934 [main] INFO  org.edusync.tutor.TutorApplication - Starting TutorApplication using Java 17.0.13 with PID 16684 (C:\Users\user\EduSync\build\classes\java\main started by user in C:\Users\user\EduSync)
2025-02-16 10:34:41.935 [main] INFO  org.edusync.tutor.TutorApplication - No active profile set, falling back to 1 default profile: "default"
2025-02-16 10:34:42.669 [main] INFO  o.s.d.r.c.RepositoryConfigurationDelegate - Bootstrapping Spring Data JPA repositories in DEFAULT mode.
2025-02-16 10:34:42.726 [main] INFO  o.s.d.r.c.RepositoryConfigurationDelegate - Finished Spring Data repository scanning in 47 ms. Found 6 JPA repository interfaces.
2025-02-16 10:34:43.983 [main] INFO  o.s.b.w.e.tomcat.TomcatWebServer - Tomcat initialized with port 8082 (http)
2025-02-16 10:34:43.997 [main] INFO  o.a.coyote.http11.Http11NioProtocol - Initializing ProtocolHandler ["http-nio-8082"]
2025-02-16 10:34:43.999 [main] INFO  o.a.catalina.core.StandardService - Starting service [Tomcat]
2025-02-16 10:34:43.999 [main] INFO  o.a.catalina.core.StandardEngine - Starting Servlet engine: [Apache Tomcat/10.1.34]
2025-02-16 10:34:44.067 [main] INFO  o.a.c.c.C.[Tomcat].[localhost].[/] - Initializing Spring embedded WebApplicationContext
2025-02-16 10:34:44.067 [main] INFO  o.s.b.w.s.c.ServletWebServerApplicationContext - Root WebApplicationContext: initialization completed in 2081 ms
2025-02-16 10:34:44.239 [main] INFO  o.h.jpa.internal.util.LogHelper - HHH000204: Processing PersistenceUnitInfo [name: default]
2025-02-16 10:34:44.309 [main] INFO  org.hibernate.Version - HHH000412: Hibernate ORM core version 6.6.4.Final
2025-02-16 10:34:44.350 [main] INFO  o.h.c.i.RegionFactoryInitiator - HHH000026: Second-level cache disabled
2025-02-16 10:34:44.673 [main] INFO  o.s.o.j.p.SpringPersistenceUnitInfo - No LoadTimeWeaver setup: ignoring JPA class transformer
2025-02-16 10:34:44.714 [main] INFO  com.zaxxer.hikari.HikariDataSource - HikariPool-1 - Starting...
2025-02-16 10:34:45.070 [main] INFO  com.zaxxer.hikari.pool.HikariPool - HikariPool-1 - Added connection org.postgresql.jdbc.PgConnection@645d4639
2025-02-16 10:34:45.073 [main] INFO  com.zaxxer.hikari.HikariDataSource - HikariPool-1 - Start completed.
2025-02-16 10:34:45.132 [main] WARN  org.hibernate.orm.deprecation - HHH90000025: PostgreSQLDialect does not need to be specified explicitly using 'hibernate.dialect' (remove the property setting and it will be selected by default)
2025-02-16 10:34:45.155 [main] INFO  o.hibernate.orm.connections.pooling - HHH10001005: Database info:
	Database JDBC URL [Connecting through datasource 'HikariDataSource (HikariPool-1)']
	Database driver: undefined/unknown
	Database version: 17.2
	Autocommit mode: undefined/unknown
	Isolation level: undefined/unknown
	Minimum pool size: undefined/unknown
	Maximum pool size: undefined/unknown
2025-02-16 10:34:46.259 [main] INFO  o.h.e.t.j.p.i.JtaPlatformInitiator - HHH000489: No JTA platform available (set 'hibernate.transaction.jta.platform' to enable JTA platform integration)
2025-02-16 10:34:46.474 [main] INFO  o.s.o.j.LocalContainerEntityManagerFactoryBean - Initialized JPA EntityManagerFactory for persistence unit 'default'
2025-02-16 10:34:46.820 [main] INFO  o.s.s.c.a.a.c.InitializeUserDetailsBeanManagerConfigurer$InitializeUserDetailsManagerConfigurer - Global AuthenticationManager configured with UserDetailsService bean with name customUserDetailsService
2025-02-16 10:34:47.364 [main] INFO  o.s.v.b.OptionalValidatorFactoryBean - Failed to set up a Bean Validation provider: jakarta.validation.NoProviderFoundException: Unable to create a Configuration, because no Jakarta Bean Validation provider could be found. Add a provider like Hibernate Validator (RI) to your classpath.
2025-02-16 10:34:47.538 [main] INFO  o.s.b.a.h.H2ConsoleAutoConfiguration - H2 console available at '/h2-console'. Database available at 'jdbc:postgresql://localhost:5432/EduSyncDB'
2025-02-16 10:34:47.610 [main] INFO  o.a.coyote.http11.Http11NioProtocol - Starting ProtocolHandler ["http-nio-8082"]
2025-02-16 10:34:47.631 [main] INFO  o.s.b.w.e.tomcat.TomcatWebServer - Tomcat started on port 8082 (http) with context path '/'
2025-02-16 10:34:47.639 [main] INFO  org.edusync.tutor.TutorApplication - Started TutorApplication in 6.414 seconds (process running for 7.221)
2025-02-16 10:35:25.202 [http-nio-8082-exec-1] INFO  o.a.c.c.C.[Tomcat].[localhost].[/] - Initializing Spring DispatcherServlet 'dispatcherServlet'
2025-02-16 10:35:25.202 [http-nio-8082-exec-1] INFO  o.s.web.servlet.DispatcherServlet - Initializing Servlet 'dispatcherServlet'
2025-02-16 10:35:25.204 [http-nio-8082-exec-1] INFO  o.s.web.servlet.DispatcherServlet - Completed initialization in 2 ms
2025-02-16 10:35:25.243 [http-nio-8082-exec-1] INFO  o.e.t.s.JwtAuthenticationFilter - [doFilterInternal] token 값 추출 완료. token : null
2025-02-16 10:35:25.243 [http-nio-8082-exec-1] INFO  o.e.t.s.JwtAuthenticationFilter - [doFilterInternal] token 값 유효성 체크 시작
2025-02-16 10:35:25.579 [http-nio-8082-exec-1] DEBUG org.hibernate.SQL - 
    /* <criteria> */ select
        u1_0.id,
        u1_0.birth_date,
        u1_0.class_name,
        u1_0.created_at,
        u1_0.email,
        u1_0.grade,
        u1_0.last_login_at,
        u1_0.nickname,
        u1_0.password,
        u1_0.phone_number,
        u1_0.profile_image_url,
        u1_0.school_name,
        u1_0.social_id,
        u1_0.social_provider,
        u1_0.updated_at,
        u1_0.user_type 
    from
        public.users u1_0 
    where
        u1_0.email=?
2025-02-16 10:35:25.651 [http-nio-8082-exec-1] DEBUG org.hibernate.SQL - 
    select
        r1_0.user_id,
        r1_0.roles 
    from
        public.user_roles r1_0 
    where
        r1_0.user_id=?
2025-02-16 10:35:25.693 [http-nio-8082-exec-1] DEBUG org.hibernate.SQL - 
    /* insert for
        org.edusync.tutor.entity.VerificationToken */insert 
    into
        public.verification_token (email, expiry_time, verification_code) 
    values
        (?, ?, ?)
2025-02-16 10:36:14.094 [http-nio-8082-exec-4] INFO  o.e.t.s.JwtAuthenticationFilter - [doFilterInternal] token 값 추출 완료. token : null
2025-02-16 10:36:14.094 [http-nio-8082-exec-4] INFO  o.e.t.s.JwtAuthenticationFilter - [doFilterInternal] token 값 유효성 체크 시작
2025-02-16 10:36:14.102 [http-nio-8082-exec-4] DEBUG org.hibernate.SQL - 
    /* <criteria> */ select
        vt1_0.id,
        vt1_0.email,
        vt1_0.expiry_time,
        vt1_0.verification_code 
    from
        public.verification_token vt1_0 
    where
        vt1_0.email=? 
        and vt1_0.verification_code=?
2025-02-16 10:36:14.106 [http-nio-8082-exec-4] DEBUG org.hibernate.SQL - 
    /* <criteria> */ select
        u1_0.id,
        u1_0.birth_date,
        u1_0.class_name,
        u1_0.created_at,
        u1_0.email,
        u1_0.grade,
        u1_0.last_login_at,
        u1_0.nickname,
        u1_0.password,
        u1_0.phone_number,
        u1_0.profile_image_url,
        u1_0.school_name,
        u1_0.social_id,
        u1_0.social_provider,
        u1_0.updated_at,
        u1_0.user_type 
    from
        public.users u1_0 
    where
        u1_0.email=?
2025-02-16 10:36:14.108 [http-nio-8082-exec-4] DEBUG org.hibernate.SQL - 
    select
        r1_0.user_id,
        r1_0.roles 
    from
        public.user_roles r1_0 
    where
        r1_0.user_id=?
2025-02-16 10:36:14.201 [http-nio-8082-exec-4] DEBUG org.hibernate.SQL - 
    select
        u1_0.id,
        u1_0.birth_date,
        u1_0.class_name,
        u1_0.created_at,
        u1_0.email,
        u1_0.grade,
        u1_0.last_login_at,
        u1_0.nickname,
        u1_0.password,
        u1_0.phone_number,
        u1_0.profile_image_url,
        u1_0.school_name,
        u1_0.social_id,
        u1_0.social_provider,
        u1_0.updated_at,
        u1_0.user_type,
        r1_0.user_id,
        r1_0.roles 
    from
        public.users u1_0 
    left join
        public.user_roles r1_0 
            on u1_0.id=r1_0.user_id 
    where
        u1_0.id=?
2025-02-16 10:36:14.223 [http-nio-8082-exec-4] DEBUG org.hibernate.SQL - 
    /* update
        for org.edusync.tutor.entity.User */update public.users 
    set
        birth_date=?,
        class_name=?,
        email=?,
        grade=?,
        last_login_at=?,
        nickname=?,
        password=?,
        phone_number=?,
        profile_image_url=?,
        school_name=?,
        social_id=?,
        social_provider=?,
        updated_at=?,
        user_type=? 
    where
        id=?
2025-02-16 10:36:14.234 [http-nio-8082-exec-4] DEBUG org.hibernate.SQL - 
    /* <criteria> */ select
        vt1_0.id,
        vt1_0.email,
        vt1_0.expiry_time,
        vt1_0.verification_code 
    from
        public.verification_token vt1_0 
    where
        vt1_0.email=?
2025-02-16 10:36:14.243 [http-nio-8082-exec-4] ERROR o.e.tutor.controller.AuthController - ExceptionHandler called, jakarta.persistence.TransactionRequiredException: No EntityManager with actual transaction available for current thread - cannot reliably process 'remove' call, No EntityManager with actual transaction available for current thread - cannot reliably process 'remove' call
2025-02-16 10:38:13.106 [SpringApplicationShutdownHook] INFO  o.s.b.w.e.tomcat.GracefulShutdown - Commencing graceful shutdown. Waiting for active requests to complete
2025-02-16 10:38:13.241 [tomcat-shutdown] INFO  o.s.b.w.e.tomcat.GracefulShutdown - Graceful shutdown complete
2025-02-16 10:38:13.278 [SpringApplicationShutdownHook] INFO  o.s.o.j.LocalContainerEntityManagerFactoryBean - Closing JPA EntityManagerFactory for persistence unit 'default'
2025-02-16 10:38:13.294 [SpringApplicationShutdownHook] INFO  com.zaxxer.hikari.HikariDataSource - HikariPool-1 - Shutdown initiated...
2025-02-16 10:38:13.302 [SpringApplicationShutdownHook] INFO  com.zaxxer.hikari.HikariDataSource - HikariPool-1 - Shutdown completed.
2025-02-16 10:38:20.897 [main] INFO  org.edusync.tutor.TutorApplication - Starting TutorApplication using Java 17.0.13 with PID 23644 (C:\Users\user\EduSync\build\classes\java\main started by user in C:\Users\user\EduSync)
2025-02-16 10:38:20.899 [main] INFO  org.edusync.tutor.TutorApplication - No active profile set, falling back to 1 default profile: "default"
2025-02-16 10:38:21.642 [main] INFO  o.s.d.r.c.RepositoryConfigurationDelegate - Bootstrapping Spring Data JPA repositories in DEFAULT mode.
2025-02-16 10:38:21.696 [main] INFO  o.s.d.r.c.RepositoryConfigurationDelegate - Finished Spring Data repository scanning in 44 ms. Found 6 JPA repository interfaces.
2025-02-16 10:38:22.631 [main] INFO  o.s.b.w.e.tomcat.TomcatWebServer - Tomcat initialized with port 8082 (http)
2025-02-16 10:38:22.642 [main] INFO  o.a.coyote.http11.Http11NioProtocol - Initializing ProtocolHandler ["http-nio-8082"]
2025-02-16 10:38:22.644 [main] INFO  o.a.catalina.core.StandardService - Starting service [Tomcat]
2025-02-16 10:38:22.644 [main] INFO  o.a.catalina.core.StandardEngine - Starting Servlet engine: [Apache Tomcat/10.1.34]
2025-02-16 10:38:22.721 [main] INFO  o.a.c.c.C.[Tomcat].[localhost].[/] - Initializing Spring embedded WebApplicationContext
2025-02-16 10:38:22.721 [main] INFO  o.s.b.w.s.c.ServletWebServerApplicationContext - Root WebApplicationContext: initialization completed in 1767 ms
2025-02-16 10:38:22.893 [main] INFO  o.h.jpa.internal.util.LogHelper - HHH000204: Processing PersistenceUnitInfo [name: default]
2025-02-16 10:38:22.970 [main] INFO  org.hibernate.Version - HHH000412: Hibernate ORM core version 6.6.4.Final
2025-02-16 10:38:23.009 [main] INFO  o.h.c.i.RegionFactoryInitiator - HHH000026: Second-level cache disabled
2025-02-16 10:38:23.517 [main] INFO  o.s.o.j.p.SpringPersistenceUnitInfo - No LoadTimeWeaver setup: ignoring JPA class transformer
2025-02-16 10:38:23.549 [main] INFO  com.zaxxer.hikari.HikariDataSource - HikariPool-1 - Starting...
2025-02-16 10:38:23.738 [main] INFO  com.zaxxer.hikari.pool.HikariPool - HikariPool-1 - Added connection org.postgresql.jdbc.PgConnection@543ac221
2025-02-16 10:38:23.740 [main] INFO  com.zaxxer.hikari.HikariDataSource - HikariPool-1 - Start completed.
2025-02-16 10:38:23.790 [main] WARN  org.hibernate.orm.deprecation - HHH90000025: PostgreSQLDialect does not need to be specified explicitly using 'hibernate.dialect' (remove the property setting and it will be selected by default)
2025-02-16 10:38:23.807 [main] INFO  o.hibernate.orm.connections.pooling - HHH10001005: Database info:
	Database JDBC URL [Connecting through datasource 'HikariDataSource (HikariPool-1)']
	Database driver: undefined/unknown
	Database version: 17.2
	Autocommit mode: undefined/unknown
	Isolation level: undefined/unknown
	Minimum pool size: undefined/unknown
	Maximum pool size: undefined/unknown
2025-02-16 10:38:24.796 [main] INFO  o.h.e.t.j.p.i.JtaPlatformInitiator - HHH000489: No JTA platform available (set 'hibernate.transaction.jta.platform' to enable JTA platform integration)
2025-02-16 10:38:24.933 [main] INFO  o.s.o.j.LocalContainerEntityManagerFactoryBean - Initialized JPA EntityManagerFactory for persistence unit 'default'
2025-02-16 10:38:25.274 [main] INFO  o.s.s.c.a.a.c.InitializeUserDetailsBeanManagerConfigurer$InitializeUserDetailsManagerConfigurer - Global AuthenticationManager configured with UserDetailsService bean with name customUserDetailsService
2025-02-16 10:38:25.800 [main] INFO  o.s.v.b.OptionalValidatorFactoryBean - Failed to set up a Bean Validation provider: jakarta.validation.NoProviderFoundException: Unable to create a Configuration, because no Jakarta Bean Validation provider could be found. Add a provider like Hibernate Validator (RI) to your classpath.
2025-02-16 10:38:25.975 [main] INFO  o.s.b.a.h.H2ConsoleAutoConfiguration - H2 console available at '/h2-console'. Database available at 'jdbc:postgresql://localhost:5432/EduSyncDB'
2025-02-16 10:38:26.039 [main] INFO  o.a.coyote.http11.Http11NioProtocol - Starting ProtocolHandler ["http-nio-8082"]
2025-02-16 10:38:26.062 [main] INFO  o.s.b.w.e.tomcat.TomcatWebServer - Tomcat started on port 8082 (http) with context path '/'
2025-02-16 10:38:26.072 [main] INFO  org.edusync.tutor.TutorApplication - Started TutorApplication in 5.81 seconds (process running for 6.46)
2025-02-16 10:38:47.912 [http-nio-8082-exec-1] INFO  o.a.c.c.C.[Tomcat].[localhost].[/] - Initializing Spring DispatcherServlet 'dispatcherServlet'
2025-02-16 10:38:47.912 [http-nio-8082-exec-1] INFO  o.s.web.servlet.DispatcherServlet - Initializing Servlet 'dispatcherServlet'
2025-02-16 10:38:47.913 [http-nio-8082-exec-1] INFO  o.s.web.servlet.DispatcherServlet - Completed initialization in 1 ms
2025-02-16 10:38:47.935 [http-nio-8082-exec-1] INFO  o.e.t.s.JwtAuthenticationFilter - [doFilterInternal] token 값 추출 완료. token : null
2025-02-16 10:38:47.936 [http-nio-8082-exec-1] INFO  o.e.t.s.JwtAuthenticationFilter - [doFilterInternal] token 값 유효성 체크 시작
2025-02-16 10:38:48.121 [http-nio-8082-exec-1] DEBUG org.hibernate.SQL - 
    /* <criteria> */ select
        u1_0.id,
        u1_0.birth_date,
        u1_0.class_name,
        u1_0.created_at,
        u1_0.email,
        u1_0.grade,
        u1_0.last_login_at,
        u1_0.nickname,
        u1_0.password,
        u1_0.phone_number,
        u1_0.profile_image_url,
        u1_0.school_name,
        u1_0.social_id,
        u1_0.social_provider,
        u1_0.updated_at,
        u1_0.user_type 
    from
        public.users u1_0 
    where
        u1_0.email=?
2025-02-16 10:38:48.159 [http-nio-8082-exec-1] DEBUG org.hibernate.SQL - 
    select
        r1_0.user_id,
        r1_0.roles 
    from
        public.user_roles r1_0 
    where
        r1_0.user_id=?
2025-02-16 10:38:48.187 [http-nio-8082-exec-1] DEBUG org.hibernate.SQL - 
    /* insert for
        org.edusync.tutor.entity.VerificationToken */insert 
    into
        public.verification_token (email, expiry_time, verification_code) 
    values
        (?, ?, ?)
2025-02-16 10:39:16.908 [http-nio-8082-exec-2] INFO  o.e.t.s.JwtAuthenticationFilter - [doFilterInternal] token 값 추출 완료. token : null
2025-02-16 10:39:16.909 [http-nio-8082-exec-2] INFO  o.e.t.s.JwtAuthenticationFilter - [doFilterInternal] token 값 유효성 체크 시작
2025-02-16 10:39:16.916 [http-nio-8082-exec-2] DEBUG org.hibernate.SQL - 
    /* <criteria> */ select
        vt1_0.id,
        vt1_0.email,
        vt1_0.expiry_time,
        vt1_0.verification_code 
    from
        public.verification_token vt1_0 
    where
        vt1_0.email=? 
        and vt1_0.verification_code=?
2025-02-16 10:39:16.922 [http-nio-8082-exec-2] DEBUG org.hibernate.SQL - 
    /* <criteria> */ select
        u1_0.id,
        u1_0.birth_date,
        u1_0.class_name,
        u1_0.created_at,
        u1_0.email,
        u1_0.grade,
        u1_0.last_login_at,
        u1_0.nickname,
        u1_0.password,
        u1_0.phone_number,
        u1_0.profile_image_url,
        u1_0.school_name,
        u1_0.social_id,
        u1_0.social_provider,
        u1_0.updated_at,
        u1_0.user_type 
    from
        public.users u1_0 
    where
        u1_0.email=?
2025-02-16 10:39:16.923 [http-nio-8082-exec-2] DEBUG org.hibernate.SQL - 
    select
        r1_0.user_id,
        r1_0.roles 
    from
        public.user_roles r1_0 
    where
        r1_0.user_id=?
2025-02-16 10:39:17.021 [http-nio-8082-exec-2] DEBUG org.hibernate.SQL - 
    /* <criteria> */ select
        vt1_0.id,
        vt1_0.email,
        vt1_0.expiry_time,
        vt1_0.verification_code 
    from
        public.verification_token vt1_0 
    where
        vt1_0.email=?
2025-02-16 10:39:17.030 [http-nio-8082-exec-2] DEBUG org.hibernate.SQL - 
    /* update
        for org.edusync.tutor.entity.User */update public.users 
    set
        birth_date=?,
        class_name=?,
        email=?,
        grade=?,
        last_login_at=?,
        nickname=?,
        password=?,
        phone_number=?,
        profile_image_url=?,
        school_name=?,
        social_id=?,
        social_provider=?,
        updated_at=?,
        user_type=? 
    where
        id=?
2025-02-16 10:39:17.038 [http-nio-8082-exec-2] DEBUG org.hibernate.SQL - 
    /* delete for org.edusync.tutor.entity.VerificationToken */delete 
    from
        public.verification_token 
    where
        id=?
2025-02-16 10:39:17.040 [http-nio-8082-exec-2] DEBUG org.hibernate.SQL - 
    /* delete for org.edusync.tutor.entity.VerificationToken */delete 
    from
        public.verification_token 
    where
        id=?
2025-02-16 10:39:28.077 [http-nio-8082-exec-5] INFO  o.e.t.s.JwtAuthenticationFilter - [doFilterInternal] token 값 추출 완료. token : null
2025-02-16 10:39:28.078 [http-nio-8082-exec-5] INFO  o.e.t.s.JwtAuthenticationFilter - [doFilterInternal] token 값 유효성 체크 시작
2025-02-16 10:39:28.161 [http-nio-8082-exec-5] DEBUG org.hibernate.SQL - 
    /* <criteria> */ select
        u1_0.id,
        u1_0.birth_date,
        u1_0.class_name,
        u1_0.created_at,
        u1_0.email,
        u1_0.grade,
        u1_0.last_login_at,
        u1_0.nickname,
        u1_0.password,
        u1_0.phone_number,
        u1_0.profile_image_url,
        u1_0.school_name,
        u1_0.social_id,
        u1_0.social_provider,
        u1_0.updated_at,
        u1_0.user_type 
    from
        public.users u1_0 
    where
        u1_0.email=?
2025-02-16 10:39:28.164 [http-nio-8082-exec-5] DEBUG org.hibernate.SQL - 
    select
        r1_0.user_id,
        r1_0.roles 
    from
        public.user_roles r1_0 
    where
        r1_0.user_id=?
2025-02-16 10:39:28.285 [http-nio-8082-exec-5] ERROR o.e.tutor.controller.AuthController - ExceptionHandler called, null, 자격 증명에 실패하였습니다.
2025-02-16 10:39:35.792 [http-nio-8082-exec-8] INFO  o.e.t.s.JwtAuthenticationFilter - [doFilterInternal] token 값 추출 완료. token : null
2025-02-16 10:39:35.792 [http-nio-8082-exec-8] INFO  o.e.t.s.JwtAuthenticationFilter - [doFilterInternal] token 값 유효성 체크 시작
2025-02-16 10:39:35.795 [http-nio-8082-exec-8] DEBUG org.hibernate.SQL - 
    /* <criteria> */ select
        u1_0.id,
        u1_0.birth_date,
        u1_0.class_name,
        u1_0.created_at,
        u1_0.email,
        u1_0.grade,
        u1_0.last_login_at,
        u1_0.nickname,
        u1_0.password,
        u1_0.phone_number,
        u1_0.profile_image_url,
        u1_0.school_name,
        u1_0.social_id,
        u1_0.social_provider,
        u1_0.updated_at,
        u1_0.user_type 
    from
        public.users u1_0 
    where
        u1_0.email=?
2025-02-16 10:39:35.797 [http-nio-8082-exec-8] DEBUG org.hibernate.SQL - 
    select
        r1_0.user_id,
        r1_0.roles 
    from
        public.user_roles r1_0 
    where
        r1_0.user_id=?
2025-02-16 10:39:35.917 [http-nio-8082-exec-8] DEBUG org.hibernate.SQL - 
    /* <criteria> */ select
        u1_0.id,
        u1_0.birth_date,
        u1_0.class_name,
        u1_0.created_at,
        u1_0.email,
        u1_0.grade,
        u1_0.last_login_at,
        u1_0.nickname,
        u1_0.password,
        u1_0.phone_number,
        u1_0.profile_image_url,
        u1_0.school_name,
        u1_0.social_id,
        u1_0.social_provider,
        u1_0.updated_at,
        u1_0.user_type 
    from
        public.users u1_0 
    where
        u1_0.email=?
2025-02-16 10:39:35.919 [http-nio-8082-exec-8] DEBUG org.hibernate.SQL - 
    select
        r1_0.user_id,
        r1_0.roles 
    from
        public.user_roles r1_0 
    where
        r1_0.user_id=?
2025-02-16 10:39:46.414 [SpringApplicationShutdownHook] INFO  o.s.b.w.e.tomcat.GracefulShutdown - Commencing graceful shutdown. Waiting for active requests to complete
2025-02-16 10:39:46.547 [tomcat-shutdown] INFO  o.s.b.w.e.tomcat.GracefulShutdown - Graceful shutdown complete
2025-02-16 10:39:46.551 [SpringApplicationShutdownHook] INFO  o.s.o.j.LocalContainerEntityManagerFactoryBean - Closing JPA EntityManagerFactory for persistence unit 'default'
2025-02-16 10:39:46.554 [SpringApplicationShutdownHook] INFO  com.zaxxer.hikari.HikariDataSource - HikariPool-1 - Shutdown initiated...
2025-02-16 10:39:46.555 [SpringApplicationShutdownHook] INFO  com.zaxxer.hikari.HikariDataSource - HikariPool-1 - Shutdown completed.
